c:\users\fabricio\source\repos\purplehell\rpgga\debug\vc142.pdb
c:\users\fabricio\source\repos\purplehell\rpgga\debug\vc142.idb
c:\users\fabricio\source\repos\purplehell\rpgga\debug\scene.obj
c:\users\fabricio\source\repos\purplehell\rpgga\debug\especial.obj
c:\users\fabricio\source\repos\purplehell\rpgga\debug\player.obj
c:\users\fabricio\source\repos\purplehell\rpgga\debug\mainmenuscene.obj
c:\users\fabricio\source\repos\purplehell\rpgga\debug\main.obj
c:\users\fabricio\source\repos\purplehell\rpgga\debug\item.obj
c:\users\fabricio\source\repos\purplehell\rpgga\debug\units.obj
c:\users\fabricio\source\repos\purplehell\rpgga\debug\potion.obj
c:\users\fabricio\source\repos\purplehell\rpgga\debug\inventory.obj
c:\users\fabricio\source\repos\purplehell\rpgga\debug\hero.obj
c:\users\fabricio\source\repos\purplehell\rpgga\debug\gamescene.obj
c:\users\fabricio\source\repos\purplehell\rpgga\debug\gamemanager.obj
c:\users\fabricio\source\repos\purplehell\rpgga\debug\equipeditems.obj
c:\users\fabricio\source\repos\purplehell\rpgga\debug\entity.obj
c:\users\fabricio\source\repos\purplehell\rpgga\debug\enemy.obj
c:\users\fabricio\source\repos\purplehell\rpgga\debug\button.obj
c:\users\fabricio\source\repos\purplehell\rpgga\debug\battlescene.obj
c:\users\fabricio\source\repos\purplehell\rpgga\debug\animationcomponent.obj
c:\users\fabricio\source\repos\purplehell\rpgga\debug\ai.obj
c:\users\fabricio\source\repos\purplehell\debug\rpgga.ilk
c:\users\fabricio\source\repos\purplehell\debug\rpgga.exe
c:\users\fabricio\source\repos\purplehell\debug\rpgga.pdb
c:\users\fabricio\source\repos\purplehell\rpgga\debug\rpgga.tlog\cl.command.1.tlog
c:\users\fabricio\source\repos\purplehell\rpgga\debug\rpgga.tlog\cl.read.1.tlog
c:\users\fabricio\source\repos\purplehell\rpgga\debug\rpgga.tlog\cl.write.1.tlog
c:\users\fabricio\source\repos\purplehell\rpgga\debug\rpgga.tlog\link.command.1.tlog
c:\users\fabricio\source\repos\purplehell\rpgga\debug\rpgga.tlog\link.read.1.tlog
c:\users\fabricio\source\repos\purplehell\rpgga\debug\rpgga.tlog\link.write.1.tlog
