  AI.cpp
  AnimationComponent.cpp
  BattleScene.cpp
C:\Users\Fabricio\source\repos\PurpleHell\RPGGA\AI.cpp(54,35): warning C4244:  'argument': conversion from 'int' to 'const float', possible loss of data
C:\Users\Fabricio\source\repos\PurpleHell\RPGGA\BattleScene.cpp(267,20): warning C4018:  '<': signed/unsigned mismatch
  Button.cpp
  Enemy.cpp
  Entity.cpp
  EquipedItems.cpp
  GameManager.cpp
  GameScene.cpp
C:\Users\Fabricio\source\repos\PurpleHell\RPGGA\BattleScene.cpp(358,18): warning C4244:  'argument': conversion from 'time_t' to 'unsigned int', possible loss of data
C:\Users\Fabricio\source\repos\PurpleHell\RPGGA\GameScene.cpp(344,46): warning C4244:  'argument': conversion from 'int' to 'float', possible loss of data
  Hero.cpp
C:\Users\Fabricio\source\repos\PurpleHell\RPGGA\GameScene.cpp(360,45): warning C4244:  'argument': conversion from 'int' to 'float', possible loss of data
C:\Users\Fabricio\source\repos\PurpleHell\RPGGA\Hero.cpp(20,20): warning C4244:  '=': conversion from 'float' to 'int', possible loss of data
  Inventory.cpp
  Potion.cpp
  Units.cpp
C:\Users\Fabricio\source\repos\PurpleHell\RPGGA\Hero.cpp(21,20): warning C4244:  '=': conversion from 'float' to 'int', possible loss of data
  Item.cpp
C:\Users\Fabricio\source\repos\PurpleHell\RPGGA\Units.cpp(100,35): warning C4244:  'argument': conversion from 'int' to 'float', possible loss of data
C:\Users\Fabricio\source\repos\PurpleHell\RPGGA\Item.cpp(16,23): warning C4244:  'argument': conversion from 'int' to 'const float', possible loss of data
  main.cpp
  MainMenuScene.cpp
  Player.cpp
C:\Users\Fabricio\source\repos\PurpleHell\RPGGA\Item.cpp(16,20): warning C4244:  'argument': conversion from 'int' to 'const float', possible loss of data
C:\Users\Fabricio\source\repos\PurpleHell\RPGGA\Player.cpp(82,35): warning C4244:  'argument': conversion from 'int' to 'const float', possible loss of data
  Especial.cpp
  Scene.cpp
  Generating Code...
C:\Users\Fabricio\source\repos\PurpleHell\RPGGA\Player.cpp(208,36): warning C4244:  'argument': conversion from 'int' to 'float', possible loss of data
C:\Users\Fabricio\source\repos\PurpleHell\RPGGA\Player.cpp(190): warning C4715:  'Player::UnitNumber': not all control paths return a value
C:\Users\Fabricio\source\repos\PurpleHell\RPGGA\Units.cpp(81): warning C4715:  'Units::UnitNumber': not all control paths return a value
C:\Users\Fabricio\source\repos\PurpleHell\RPGGA\Inventory.cpp(114): warning C4715:  'Inventory::getItemById': not all control paths return a value
C:\Users\Fabricio\source\repos\PurpleHell\RPGGA\Inventory.cpp(130): warning C4715:  'Inventory::inventoryNumber': not all control paths return a value
C:\Users\Fabricio\source\repos\PurpleHell\RPGGA\EquipedItems.cpp(69): warning C4715:  'EquipedItems::UnitNumber': not all control paths return a value
C:\Users\Fabricio\source\repos\PurpleHell\RPGGA\AI.cpp(80): warning C4715:  'AI::getEnemy': not all control paths return a value
  RPGGA.vcxproj -> C:\Users\Fabricio\source\repos\PurpleHell\Debug\RPGGA.exe
