c:\users\fabricio\source\repos\purplehell\rpgga\release\vc142.pdb
c:\users\fabricio\source\repos\purplehell\rpgga\release\scene.obj
c:\users\fabricio\source\repos\purplehell\rpgga\release\especial.obj
c:\users\fabricio\source\repos\purplehell\rpgga\release\player.obj
c:\users\fabricio\source\repos\purplehell\rpgga\release\mainmenuscene.obj
c:\users\fabricio\source\repos\purplehell\rpgga\release\main.obj
c:\users\fabricio\source\repos\purplehell\rpgga\release\item.obj
c:\users\fabricio\source\repos\purplehell\rpgga\release\units.obj
c:\users\fabricio\source\repos\purplehell\rpgga\release\potion.obj
c:\users\fabricio\source\repos\purplehell\rpgga\release\inventory.obj
c:\users\fabricio\source\repos\purplehell\rpgga\release\hero.obj
c:\users\fabricio\source\repos\purplehell\rpgga\release\gamescene.obj
c:\users\fabricio\source\repos\purplehell\rpgga\release\gamemanager.obj
c:\users\fabricio\source\repos\purplehell\rpgga\release\equipeditems.obj
c:\users\fabricio\source\repos\purplehell\rpgga\release\entity.obj
c:\users\fabricio\source\repos\purplehell\rpgga\release\enemy.obj
c:\users\fabricio\source\repos\purplehell\rpgga\release\button.obj
c:\users\fabricio\source\repos\purplehell\rpgga\release\battlescene.obj
c:\users\fabricio\source\repos\purplehell\rpgga\release\animationcomponent.obj
c:\users\fabricio\source\repos\purplehell\rpgga\release\ai.obj
c:\users\fabricio\source\repos\purplehell\rpgga\release\rpgga.tlog\cl.command.1.tlog
c:\users\fabricio\source\repos\purplehell\rpgga\release\rpgga.tlog\cl.read.1.tlog
c:\users\fabricio\source\repos\purplehell\rpgga\release\rpgga.tlog\cl.write.1.tlog
c:\users\fabricio\source\repos\purplehell\rpgga\release\rpgga.tlog\link.command.1.tlog
c:\users\fabricio\source\repos\purplehell\rpgga\release\rpgga.tlog\link.read.1.tlog
c:\users\fabricio\source\repos\purplehell\rpgga\release\rpgga.tlog\link.write.1.tlog
