  AI.cpp
  AnimationComponent.cpp
C:\Users\Fabricio\source\repos\PurpleHell\RPGGA\Entity.h(11,10): error C1083:  Cannot open include file: 'SFML/Graphics.hpp': No such file or directory
  BattleScene.cpp
C:\Users\Fabricio\source\repos\PurpleHell\RPGGA\AnimationComponent.h(7,10): error C1083:  Cannot open include file: 'SFML\Graphics.hpp': No such file or directory
  Button.cpp
C:\Users\Fabricio\source\repos\PurpleHell\RPGGA\Entity.h(11,10): error C1083:  Cannot open include file: 'SFML/Graphics.hpp': No such file or directory
  Enemy.cpp
C:\Users\Fabricio\source\repos\PurpleHell\RPGGA\Button.h(9,10): error C1083:  Cannot open include file: 'SFML/Graphics.hpp': No such file or directory
  Entity.cpp
C:\Users\Fabricio\source\repos\PurpleHell\RPGGA\Entity.h(11,10): error C1083:  Cannot open include file: 'SFML/Graphics.hpp': No such file or directory
  EquipedItems.cpp
C:\Users\Fabricio\source\repos\PurpleHell\RPGGA\Entity.h(11,10): error C1083:  Cannot open include file: 'SFML/Graphics.hpp': No such file or directory
  GameManager.cpp
C:\Users\Fabricio\source\repos\PurpleHell\RPGGA\Inventory.h(4,10): error C1083:  Cannot open include file: 'SFML\Graphics.hpp': No such file or directory
  GameScene.cpp
C:\Users\Fabricio\source\repos\PurpleHell\RPGGA\Entity.h(11,10): error C1083:  Cannot open include file: 'SFML/Graphics.hpp': No such file or directory
  Hero.cpp
C:\Users\Fabricio\source\repos\PurpleHell\RPGGA\Entity.h(11,10): error C1083:  Cannot open include file: 'SFML/Graphics.hpp': No such file or directory
  Inventory.cpp
C:\Users\Fabricio\source\repos\PurpleHell\RPGGA\Entity.h(11,10): error C1083:  Cannot open include file: 'SFML/Graphics.hpp': No such file or directory
  Potion.cpp
C:\Users\Fabricio\source\repos\PurpleHell\RPGGA\Inventory.h(4,10): error C1083:  Cannot open include file: 'SFML\Graphics.hpp': No such file or directory
  Units.cpp
C:\Users\Fabricio\source\repos\PurpleHell\RPGGA\Entity.h(11,10): error C1083:  Cannot open include file: 'SFML/Graphics.hpp': No such file or directory
  Item.cpp
C:\Users\Fabricio\source\repos\PurpleHell\RPGGA\Entity.h(11,10): error C1083:  Cannot open include file: 'SFML/Graphics.hpp': No such file or directory
  main.cpp
C:\Users\Fabricio\source\repos\PurpleHell\RPGGA\Entity.h(11,10): error C1083:  Cannot open include file: 'SFML/Graphics.hpp': No such file or directory
  MainMenuScene.cpp
C:\Users\Fabricio\source\repos\PurpleHell\RPGGA\Entity.h(11,10): error C1083:  Cannot open include file: 'SFML/Graphics.hpp': No such file or directory
  Player.cpp
C:\Users\Fabricio\source\repos\PurpleHell\RPGGA\Entity.h(11,10): error C1083:  Cannot open include file: 'SFML/Graphics.hpp': No such file or directory
  Especial.cpp
C:\Users\Fabricio\source\repos\PurpleHell\RPGGA\Entity.h(11,10): error C1083:  Cannot open include file: 'SFML/Graphics.hpp': No such file or directory
  Scene.cpp
C:\Users\Fabricio\source\repos\PurpleHell\RPGGA\Entity.h(11,10): error C1083:  Cannot open include file: 'SFML/Graphics.hpp': No such file or directory
C:\Users\Fabricio\source\repos\PurpleHell\RPGGA\Entity.h(11,10): error C1083:  Cannot open include file: 'SFML/Graphics.hpp': No such file or directory
